TN:
SF:/Users/hagio/dev/udacity/sr_web/capstone/src/components/Nav/Nav.js
FN:13,Links
FN:49,Navigation
FNF:2
FNH:2
FNDA:2,Links
FNDA:1,Navigation
DA:1,1
DA:2,1
DA:3,1
DA:9,1
DA:13,2
DA:14,2
DA:49,1
DA:50,1
LF:8
LH:8
BRDA:15,1,0,1
BRDA:15,1,1,1
BRF:2
BRH:2
end_of_record
TN:
SF:/Users/hagio/dev/udacity/sr_web/capstone/src/components/NewEvent/NewEvent.js
FN:47,SubmitButton
FN:72,NewEventForm
FN:73,handleFormSubmit
FN:99,onChange
FN:100,onBlur
FN:114,onChange
FN:115,onBlur
FN:129,onChange
FN:130,onBlur
FN:143,onChange
FN:153,onChange
FN:154,onBlur
FN:165,onChange
FN:166,onBlur
FN:179,onChange
FNF:15
FNH:14
FNDA:2,SubmitButton
FNDA:1,NewEventForm
FNDA:1,handleFormSubmit
FNDA:0,onChange
FNDA:1,onBlur
FNDA:1,onChange
FNDA:1,onBlur
FNDA:1,onChange
FNDA:1,onBlur
FNDA:1,onChange
FNDA:1,onChange
FNDA:1,onBlur
FNDA:1,onChange
FNDA:1,onBlur
FNDA:1,onChange
DA:1,1
DA:3,1
DA:16,1
DA:48,2
DA:55,1
DA:63,1
DA:74,1
DA:75,1
DA:88,1
DA:99,0
DA:100,1
DA:114,1
DA:115,1
DA:129,1
DA:130,1
DA:143,1
DA:153,1
DA:154,1
DA:165,1
DA:166,1
DA:179,1
LF:21
LH:20
BRDA:48,1,0,1
BRDA:48,1,1,1
BRDA:49,2,0,2
BRDA:49,2,1,1
BRDA:49,2,2,1
BRDA:49,2,3,1
BRDA:49,2,4,1
BRDA:80,3,0,1
BRDA:80,3,1,1
BRDA:83,4,0,1
BRDA:83,4,1,1
BRDA:89,5,0,0
BRDA:89,5,1,1
BRDA:100,6,0,1
BRDA:100,6,1,0
BRDA:107,7,0,0
BRDA:107,7,1,1
BRDA:115,8,0,1
BRDA:115,8,1,0
BRDA:122,9,0,0
BRDA:122,9,1,1
BRDA:130,10,0,1
BRDA:130,10,1,0
BRDA:136,11,0,0
BRDA:136,11,1,1
BRDA:154,12,0,1
BRDA:154,12,1,0
BRDA:159,13,0,0
BRDA:159,13,1,1
BRDA:166,14,0,1
BRDA:166,14,1,0
BRDA:171,15,0,0
BRDA:171,15,1,1
BRF:33
BRH:22
end_of_record
TN:
SF:/Users/hagio/dev/udacity/sr_web/capstone/src/components/Signout/Signout.js
FN:6,Signout
FNF:1
FNH:1
FNDA:2,Signout
DA:1,1
DA:2,1
DA:7,2
LF:3
LH:3
BRF:0
BRH:0
end_of_record
