TN:
SF:/Users/hagio/dev/udacity/sr_web/capstone/src/components/Account/Account.js
FN:11,ToggleButton
FN:38,Account
FN:40,requestPermission
FN:45,(anonymous_5)
FN:46,(anonymous_6)
FNF:5
FNH:2
FNDA:3,ToggleButton
FNDA:2,Account
FNDA:0,requestPermission
FNDA:0,(anonymous_5)
FNDA:0,(anonymous_6)
DA:1,1
DA:2,1
DA:7,1
DA:12,3
DA:13,3
DA:14,1
DA:23,2
DA:24,1
DA:26,1
DA:29,0
DA:33,1
DA:42,0
DA:43,0
DA:44,0
DA:45,0
DA:46,0
DA:47,0
DA:48,0
DA:50,0
DA:53,0
DA:57,2
LF:21
LH:11
BRDA:12,1,0,3
BRDA:12,1,1,0
BRDA:12,2,0,3
BRDA:12,2,1,0
BRDA:13,3,0,1
BRDA:13,3,1,2
BRDA:23,4,0,1
BRDA:23,4,1,1
BRDA:42,5,0,0
BRDA:42,5,1,0
BRDA:42,6,0,0
BRDA:42,6,1,0
BRDA:43,7,0,0
BRDA:43,7,1,0
BRDA:47,8,0,0
BRDA:47,8,1,0
BRDA:58,9,0,1
BRDA:58,9,1,1
BRDA:57,10,0,2
BRDA:57,10,1,1
BRF:20
BRH:10
end_of_record
TN:
SF:/Users/hagio/dev/udacity/sr_web/capstone/src/components/EventEdit/EventEdit.js
FN:51,SubmitButton
FN:76,EventEdit
FN:77,handleFormSubmit
FN:94,handleRemoval
FN:110,onChange
FN:111,onBlur
FN:126,onChange
FN:127,onBlur
FN:142,onChange
FN:143,onBlur
FN:157,onChange
FN:169,onChange
FN:170,onBlur
FN:182,onChange
FN:183,onBlur
FN:196,onChange
FNF:16
FNH:16
FNDA:2,SubmitButton
FNDA:2,EventEdit
FNDA:1,handleFormSubmit
FNDA:1,handleRemoval
FNDA:1,onChange
FNDA:1,onBlur
FNDA:1,onChange
FNDA:1,onBlur
FNDA:1,onChange
FNDA:1,onBlur
FNDA:1,onChange
FNDA:1,onChange
FNDA:1,onBlur
FNDA:1,onChange
FNDA:1,onBlur
FNDA:1,onChange
DA:1,1
DA:2,1
DA:3,1
DA:17,1
DA:52,2
DA:59,1
DA:67,1
DA:78,1
DA:79,1
DA:95,1
DA:96,1
DA:99,2
DA:110,1
DA:111,1
DA:126,1
DA:127,1
DA:142,1
DA:143,1
DA:157,1
DA:169,1
DA:170,1
DA:182,1
DA:183,1
DA:196,1
LF:24
LH:24
BRDA:52,1,0,1
BRDA:52,1,1,1
BRDA:53,2,0,2
BRDA:53,2,1,1
BRDA:53,2,2,1
BRDA:53,2,3,1
BRDA:53,2,4,1
BRDA:82,3,0,1
BRDA:82,3,1,0
BRDA:83,4,0,1
BRDA:83,4,1,0
BRDA:84,5,0,1
BRDA:84,5,1,0
BRDA:86,6,0,1
BRDA:86,6,1,0
BRDA:87,7,0,1
BRDA:87,7,1,0
BRDA:88,8,0,1
BRDA:88,8,1,0
BRDA:89,9,0,1
BRDA:89,9,1,0
BRDA:100,10,0,1
BRDA:100,10,1,1
BRDA:109,11,0,1
BRDA:109,11,1,0
BRDA:111,12,0,1
BRDA:111,12,1,0
BRDA:118,13,0,0
BRDA:118,13,1,1
BRDA:125,14,0,1
BRDA:125,14,1,0
BRDA:127,15,0,1
BRDA:127,15,1,0
BRDA:134,16,0,0
BRDA:134,16,1,1
BRDA:141,17,0,1
BRDA:141,17,1,0
BRDA:143,18,0,1
BRDA:143,18,1,0
BRDA:149,19,0,0
BRDA:149,19,1,1
BRDA:156,20,0,1
BRDA:156,20,1,0
BRDA:168,21,0,1
BRDA:168,21,1,0
BRDA:170,22,0,1
BRDA:170,22,1,0
BRDA:175,23,0,0
BRDA:175,23,1,1
BRDA:181,24,0,1
BRDA:181,24,1,0
BRDA:183,25,0,1
BRDA:183,25,1,0
BRDA:188,26,0,0
BRDA:188,26,1,1
BRDA:194,27,0,1
BRDA:194,27,1,0
BRF:57
BRH:33
end_of_record
TN:
SF:/Users/hagio/dev/udacity/sr_web/capstone/src/components/EventPage/EventPage.js
FN:55,GoingCancelButton
FN:59,onClick
FN:63,onClick
FN:67,DisplayDistance
FN:73,EventPage
FNF:5
FNH:5
FNDA:4,GoingCancelButton
FNDA:1,onClick
FNDA:1,onClick
FNDA:2,DisplayDistance
FNDA:2,EventPage
DA:1,1
DA:2,1
DA:3,1
DA:5,1
DA:6,1
DA:22,1
DA:28,1
DA:45,1
DA:50,1
DA:56,4
DA:59,1
DA:63,1
DA:68,2
DA:74,2
LF:14
LH:14
BRDA:57,1,0,2
BRDA:57,1,1,2
BRDA:69,2,0,1
BRDA:69,2,1,1
BRDA:70,3,0,1
BRDA:70,3,1,0
BRDA:75,4,0,1
BRDA:75,4,1,1
BRDA:81,5,0,1
BRDA:81,5,1,0
BRDA:80,6,0,1
BRDA:80,6,1,1
BRDA:89,7,0,0
BRDA:89,7,1,1
BRDA:100,8,0,0
BRDA:100,8,1,1
BRF:16
BRH:12
end_of_record
TN:
SF:/Users/hagio/dev/udacity/sr_web/capstone/src/components/Events/Events.js
FN:19,Events
FN:29,onChange
FN:45,(anonymous_4)
FNF:3
FNH:3
FNDA:4,Events
FNDA:1,onChange
FNDA:4,(anonymous_4)
DA:1,1
DA:2,1
DA:4,1
DA:5,1
DA:13,1
DA:20,4
DA:29,1
DA:45,4
LF:8
LH:8
BRDA:21,1,0,1
BRDA:21,1,1,3
BRDA:42,2,0,1
BRDA:42,2,1,2
BRF:4
BRH:4
end_of_record
TN:
SF:/Users/hagio/dev/udacity/sr_web/capstone/src/components/FacebookAuth/FacebookAuth.js
FN:11,FacebookAuth
FNF:1
FNH:1
FNDA:3,FacebookAuth
DA:1,1
DA:2,1
DA:6,1
DA:11,6
DA:12,3
LF:5
LH:5
BRDA:15,1,0,1
BRDA:15,1,1,2
BRF:2
BRH:2
end_of_record
TN:
SF:/Users/hagio/dev/udacity/sr_web/capstone/src/components/GoogleMap/GoogleMap.js
FN:13,GoogleMapComponent
FNF:1
FNH:0
FNDA:0,GoogleMapComponent
DA:1,1
DA:2,1
DA:3,1
DA:9,1
DA:14,0
DA:17,0
DA:22,0
DA:33,0
LF:8
LH:4
BRDA:14,1,0,0
BRDA:14,1,1,0
BRDA:14,2,0,0
BRDA:14,2,1,0
BRDA:18,3,0,0
BRDA:18,3,1,0
BRDA:19,4,0,0
BRDA:19,4,1,0
BRF:8
BRH:0
end_of_record
TN:
SF:/Users/hagio/dev/udacity/sr_web/capstone/src/components/Nav/Nav.js
FN:13,Links
FN:49,Navigation
FNF:2
FNH:2
FNDA:2,Links
FNDA:1,Navigation
DA:1,1
DA:2,1
DA:3,1
DA:9,1
DA:13,2
DA:14,2
DA:49,1
DA:50,1
LF:8
LH:8
BRDA:15,1,0,1
BRDA:15,1,1,1
BRF:2
BRH:2
end_of_record
TN:
SF:/Users/hagio/dev/udacity/sr_web/capstone/src/components/NewEvent/NewEvent.js
FN:47,SubmitButton
FN:72,NewEventForm
FN:73,handleFormSubmit
FN:99,onChange
FN:100,onBlur
FN:114,onChange
FN:115,onBlur
FN:129,onChange
FN:130,onBlur
FN:143,onChange
FN:153,onChange
FN:154,onBlur
FN:165,onChange
FN:166,onBlur
FN:179,onChange
FNF:15
FNH:15
FNDA:2,SubmitButton
FNDA:1,NewEventForm
FNDA:1,handleFormSubmit
FNDA:1,onChange
FNDA:1,onBlur
FNDA:1,onChange
FNDA:1,onBlur
FNDA:1,onChange
FNDA:1,onBlur
FNDA:1,onChange
FNDA:1,onChange
FNDA:1,onBlur
FNDA:1,onChange
FNDA:1,onBlur
FNDA:1,onChange
DA:1,1
DA:3,1
DA:16,1
DA:48,2
DA:55,1
DA:63,1
DA:74,1
DA:75,1
DA:88,1
DA:99,1
DA:100,1
DA:114,1
DA:115,1
DA:129,1
DA:130,1
DA:143,1
DA:153,1
DA:154,1
DA:165,1
DA:166,1
DA:179,1
LF:21
LH:21
BRDA:48,1,0,1
BRDA:48,1,1,1
BRDA:49,2,0,2
BRDA:49,2,1,1
BRDA:49,2,2,1
BRDA:49,2,3,1
BRDA:49,2,4,1
BRDA:80,3,0,1
BRDA:80,3,1,1
BRDA:83,4,0,1
BRDA:83,4,1,1
BRDA:89,5,0,0
BRDA:89,5,1,1
BRDA:100,6,0,1
BRDA:100,6,1,0
BRDA:107,7,0,0
BRDA:107,7,1,1
BRDA:115,8,0,1
BRDA:115,8,1,0
BRDA:122,9,0,0
BRDA:122,9,1,1
BRDA:130,10,0,1
BRDA:130,10,1,0
BRDA:136,11,0,0
BRDA:136,11,1,1
BRDA:154,12,0,1
BRDA:154,12,1,0
BRDA:159,13,0,0
BRDA:159,13,1,1
BRDA:166,14,0,1
BRDA:166,14,1,0
BRDA:171,15,0,0
BRDA:171,15,1,1
BRF:33
BRH:22
end_of_record
TN:
SF:/Users/hagio/dev/udacity/sr_web/capstone/src/components/Signout/Signout.js
FN:6,Signout
FNF:1
FNH:1
FNDA:2,Signout
DA:1,1
DA:2,1
DA:7,2
LF:3
LH:3
BRF:0
BRH:0
end_of_record
TN:
SF:/Users/hagio/dev/udacity/sr_web/capstone/src/containers/Event/EventContainer.js
FN:17,render
FN:44,mapStateToProps
FNF:2
FNH:0
FNDA:0,render
FNDA:0,mapStateToProps
DA:1,1
DA:2,1
DA:3,1
DA:4,1
DA:5,1
DA:12,1
DA:17,1
DA:24,0
DA:25,0
DA:39,0
DA:44,0
DA:45,0
LF:12
LH:7
BRDA:24,1,0,0
BRDA:24,1,1,0
BRDA:24,2,0,0
BRDA:24,2,1,0
BRDA:34,3,0,0
BRDA:34,3,1,0
BRF:6
BRH:0
end_of_record
TN:
SF:/Users/hagio/dev/udacity/sr_web/capstone/src/helpers/utils.js
FN:1,formatDateTime
FN:13,limitText
FN:21,getDistanceFromLatLonInKm
FN:48,deg2rad
FNF:4
FNH:1
FNDA:1,formatDateTime
FNDA:0,limitText
FNDA:0,getDistanceFromLatLonInKm
FNDA:0,deg2rad
DA:3,1
DA:14,0
DA:15,0
DA:17,0
DA:24,0
DA:28,0
DA:31,0
DA:32,0
DA:33,0
DA:35,0
DA:39,0
DA:40,0
DA:42,0
DA:43,0
DA:45,0
DA:49,0
LF:16
LH:1
BRDA:14,1,0,0
BRDA:14,1,1,0
BRDA:24,2,0,0
BRDA:24,2,1,0
BRDA:24,3,0,0
BRDA:24,3,1,0
BRDA:24,3,2,0
BRDA:24,3,3,0
BRDA:42,4,0,0
BRDA:42,4,1,0
BRF:10
BRH:0
end_of_record
TN:
SF:/Users/hagio/dev/udacity/sr_web/capstone/src/redux/modules/account.js
FN:11,checkedNotification
FN:19,updateNotification
FN:48,checkNotificationEnabled
FN:49,(anonymous_4)
FN:62,handleUpdateNotification
FN:63,(anonymous_6)
FN:95,account
FNF:7
FNH:7
FNDA:2,checkedNotification
FNDA:2,updateNotification
FNDA:1,checkNotificationEnabled
FNDA:1,(anonymous_4)
FNDA:1,handleUpdateNotification
FNDA:1,(anonymous_6)
FNDA:3,account
DA:1,1
DA:5,1
DA:6,1
DA:12,2
DA:20,2
DA:49,1
DA:50,1
DA:51,1
DA:54,0
DA:55,0
DA:57,0
DA:63,1
DA:64,1
DA:65,0
DA:68,1
DA:69,1
DA:71,0
DA:87,1
DA:95,6
DA:96,3
DA:99,1
DA:105,1
DA:130,1
LF:23
LH:18
BRDA:50,1,0,1
BRDA:50,1,1,0
BRDA:54,2,0,0
BRDA:54,2,1,0
BRDA:64,3,0,0
BRDA:64,3,1,1
BRDA:68,4,0,1
BRDA:68,4,1,0
BRDA:95,5,0,3
BRDA:95,5,1,0
BRDA:95,6,0,3
BRDA:95,6,1,3
BRDA:98,7,0,1
BRDA:98,7,1,1
BRDA:98,7,2,1
BRF:15
BRH:9
end_of_record
